2017-12-06 13:25:49,419.419 Task exception was never retrieved
future: <Task finished coro=<Client._run_event() done, defined at C:\ProgramData\Anaconda3\lib\site-packages\discord\client.py:304> exception=SystemExit(0,)>
Traceback (most recent call last):
  File "C:\ProgramData\Anaconda3\lib\site-packages\discord\client.py", line 519, in run
    self.loop.run_until_complete(self.start(*args, **kwargs))
  File "C:\ProgramData\Anaconda3\lib\asyncio\base_events.py", line 454, in run_until_complete
    self.run_forever()
  File "C:\ProgramData\Anaconda3\lib\asyncio\base_events.py", line 421, in run_forever
    self._run_once()
  File "C:\ProgramData\Anaconda3\lib\asyncio\base_events.py", line 1425, in _run_once
    handle._run()
  File "C:\ProgramData\Anaconda3\lib\asyncio\events.py", line 126, in _run
    self._callback(*self._args)
  File "C:\ProgramData\Anaconda3\lib\site-packages\discord\client.py", line 307, in _run_event
    yield from getattr(self, event)(*args, **kwargs)
  File "G:/Documents/Programs/Python/PlaystuffBot/PSBot.py", line 234, in on_ready
    exit(0)
  File "C:\ProgramData\Anaconda3\lib\_sitebuiltins.py", line 26, in __call__
    raise SystemExit(code)
SystemExit: 0
